This is pdfTeX, Version 3.141592653-2.6-1.40.24 (MiKTeX 22.3) (preloaded format=pdflatex 2022.7.5)  7 JUL 2022 17:13
entering extended mode
 restricted \write18 enabled.
 %&-line parsing enabled.
**./bioamp-exg-pilldocs.tex
(bioamp-exg-pilldocs.tex
LaTeX2e <2021-11-15> patch level 1
L3 programming layer <2022-02-24> (sphinxmanual.cls
Document Class: sphinxmanual 2019/12/01 v2.3.0 Document class (Sphinx manual)
(C:\Users\FIZA KHAN\AppData\Local\Programs\MiKTeX\tex/latex/base\report.cls
Document Class: report 2021/10/04 v1.4n Standard LaTeX document class
(C:\Users\FIZA KHAN\AppData\Local\Programs\MiKTeX\tex/latex/base\size10.clo
File: size10.clo 2021/10/04 v1.4n Standard LaTeX file (size option)
)
\c@part=\count185
\c@chapter=\count186
\c@section=\count187
\c@subsection=\count188
\c@subsubsection=\count189
\c@paragraph=\count190
\c@subparagraph=\count191
\c@figure=\count192
\c@table=\count193
\abovecaptionskip=\skip47
\belowcaptionskip=\skip48
\bibindent=\dimen138
)
LaTeX Info: Redefining \and on input line 35.
)
(C:\Users\FIZA KHAN\AppData\Local\Programs\MiKTeX\tex/latex/base\inputenc.sty
Package: inputenc 2021/02/14 v1.3d Input encoding file
\inpenc@prehook=\toks16
\inpenc@posthook=\toks17
)
   defining Unicode char U+00A0 (decimal 160)
   defining Unicode char U+2500 (decimal 9472)
   defining Unicode char U+2502 (decimal 9474)
   defining Unicode char U+2514 (decimal 9492)
   defining Unicode char U+251C (decimal 9500)
   defining Unicode char U+2572 (decimal 9586)

(D:\miktex-2.3\tex/latex/cmap\cmap.sty
Package: cmap 2021/02/06 v1.0j CMap support: searchable PDF
)
(C:\Users\FIZA KHAN\AppData\Local\Programs\MiKTeX\tex/latex/base\fontenc.sty
Package: fontenc 2021/04/29 v2.0v Standard LaTeX package
<<t1.cmap>>)
(C:\Users\FIZA KHAN\AppData\Local\Programs\MiKTeX\tex/latex/amsmath\amsmath.sty
Package: amsmath 2021/10/15 v2.17l AMS math features
\@mathmargin=\skip49
For additional information on amsmath, use the `?' option.

(C:\Users\FIZA KHAN\AppData\Local\Programs\MiKTeX\tex/latex/amsmath\amstext.sty
Package: amstext 2021/08/26 v2.01 AMS text
(C:\Users\FIZA KHAN\AppData\Local\Programs\MiKTeX\tex/latex/amsmath\amsgen.sty
File: amsgen.sty 1999/11/30 v2.0 generic functions
\@emptytoks=\toks18
\ex@=\dimen139
))
(C:\Users\FIZA KHAN\AppData\Local\Programs\MiKTeX\tex/latex/amsmath\amsbsy.sty
Package: amsbsy 1999/11/29 v1.2d Bold Symbols
\pmbraise@=\dimen140
) (C:\Users\FIZA KHAN\AppData\Local\Programs\MiKTeX\tex/latex/amsmath\amsopn.st
y
Package: amsopn 2021/08/26 v2.02 operator names
)
\inf@bad=\count194
LaTeX Info: Redefining \frac on input line 234.
\uproot@=\count195
\leftroot@=\count196
LaTeX Info: Redefining \overline on input line 399.
\classnum@=\count197
\DOTSCASE@=\count198
LaTeX Info: Redefining \ldots on input line 496.
LaTeX Info: Redefining \dots on input line 499.
LaTeX Info: Redefining \cdots on input line 620.
\Mathstrutbox@=\box50
\strutbox@=\box51
\big@size=\dimen141
LaTeX Font Info:    Redeclaring font encoding OML on input line 743.
LaTeX Font Info:    Redeclaring font encoding OMS on input line 744.
\macc@depth=\count199
\c@MaxMatrixCols=\count266
\dotsspace@=\muskip16
\c@parentequation=\count267
\dspbrk@lvl=\count268
\tag@help=\toks19
\row@=\count269
\column@=\count270
\maxfields@=\count271
\andhelp@=\toks20
\eqnshift@=\dimen142
\alignsep@=\dimen143
\tagshift@=\dimen144
\tagwidth@=\dimen145
\totwidth@=\dimen146
\lineht@=\dimen147
\@envbody=\toks21
\multlinegap=\skip50
\multlinetaggap=\skip51
\mathdisplay@stack=\toks22
LaTeX Info: Redefining \[ on input line 2938.
LaTeX Info: Redefining \] on input line 2939.
)
(C:\Users\FIZA KHAN\AppData\Local\Programs\MiKTeX\tex/latex/amsfonts\amssymb.st
y
Package: amssymb 2013/01/14 v3.01 AMS font symbols

(C:\Users\FIZA KHAN\AppData\Local\Programs\MiKTeX\tex/latex/amsfonts\amsfonts.s
ty
Package: amsfonts 2013/01/14 v3.01 Basic AMSFonts support
\symAMSa=\mathgroup4
\symAMSb=\mathgroup5
LaTeX Font Info:    Redeclaring math symbol \hbar on input line 98.
LaTeX Font Info:    Overwriting math alphabet `\mathfrak' in version `bold'
(Font)                  U/euf/m/n --> U/euf/b/n on input line 106.
))
(C:\Users\FIZA KHAN\AppData\Local\Programs\MiKTeX\tex/generic/babel\babel.sty
Package: babel 2022/02/26 3.73 The Babel package
\babel@savecnt=\count272
\U@D=\dimen148
\l@unhyphenated=\language79

(C:\Users\FIZA KHAN\AppData\Local\Programs\MiKTeX\tex/generic/babel\txtbabel.de
f)
\bbl@readstream=\read2
\bbl@dirlevel=\count273

*************************************
* Local config file bblopts.cfg used
*
(C:\Users\FIZA KHAN\AppData\Local\Programs\MiKTeX\tex/latex/arabi\bblopts.cfg
File: bblopts.cfg 2005/09/08 v0.1 add Arabic and Farsi to "declared" options of
 babel
)
(C:\Users\FIZA KHAN\AppData\Local\Programs\MiKTeX\tex/latex/babel-english\engli
sh.ldf
Language: english 2017/06/06 v3.3r English support from the babel system
Package babel Info: Hyphen rules for 'canadian' set to \l@english
(babel)             (\language0). Reported on input line 102.
Package babel Info: Hyphen rules for 'australian' set to \l@ukenglish
(babel)             (\language73). Reported on input line 105.
Package babel Info: Hyphen rules for 'newzealand' set to \l@ukenglish
(babel)             (\language73). Reported on input line 108.
)) (D:\miktex-2.3\tex/latex/psnfss\charter.sty
Package: charter 2020/03/25 PSNFSS-v9.3 (P.Dyballa) 
)
(D:\miktex-2.3\tex/latex/fncychap\fncychap.sty
Package: fncychap 2007/07/30 v1.34 LaTeX package (Revised chapters)
\RW=\skip52
\mylen=\skip53
\myhi=\skip54
\px=\skip55
\py=\skip56
\pyy=\skip57
\pxx=\skip58
\c@AlphaCnt=\count274
\c@AlphaDecCnt=\count275
) (sphinx.sty
Package: sphinx 2021/01/27 v4.0.0 LaTeX package (Sphinx markup)

(D:\miktex-2.3\tex/generic/ltxcmds\ltxcmds.sty
Package: ltxcmds 2020-05-10 v1.25 LaTeX kernel commands for general use (HO)
)
(C:\Users\FIZA KHAN\AppData\Local\Programs\MiKTeX\tex/latex/xcolor\xcolor.sty
Package: xcolor 2021/10/31 v2.13 LaTeX color extensions (UK)

(C:\Users\FIZA KHAN\AppData\Local\Programs\MiKTeX\tex/latex/graphics-cfg\color.
cfg
File: color.cfg 2016/01/02 v1.6 sample color configuration
)
Package xcolor Info: Driver file: pdftex.def on input line 227.

(C:\Users\FIZA KHAN\AppData\Local\Programs\MiKTeX\tex/latex/graphics-def\pdftex
.def
File: pdftex.def 2020/10/05 v1.2a Graphics/color driver for pdftex
)
Package xcolor Info: Model `cmy' substituted by `cmy0' on input line 1352.
Package xcolor Info: Model `hsb' substituted by `rgb' on input line 1356.
Package xcolor Info: Model `RGB' extended on input line 1368.
Package xcolor Info: Model `HTML' substituted by `rgb' on input line 1370.
Package xcolor Info: Model `Hsb' substituted by `hsb' on input line 1371.
Package xcolor Info: Model `tHsb' substituted by `hsb' on input line 1372.
Package xcolor Info: Model `HSB' substituted by `hsb' on input line 1373.
Package xcolor Info: Model `Gray' substituted by `gray' on input line 1374.
Package xcolor Info: Model `wave' substituted by `hsb' on input line 1375.
) (D:\miktex-2.3\tex/latex/kvoptions\kvoptions.sty
Package: kvoptions 2022-06-15 v3.15 Key value format for package options (HO)

(C:\Users\FIZA KHAN\AppData\Local\Programs\MiKTeX\tex/latex/graphics\keyval.sty
Package: keyval 2014/10/28 v1.15 key=value parser (DPC)
\KV@toks@=\toks23
) (D:\miktex-2.3\tex/generic/kvsetkeys\kvsetkeys.sty
Package: kvsetkeys 2019/12/15 v1.18 Key value parser (HO)
))
\sphinxverbatimsep=\dimen149
\sphinxverbatimborder=\dimen150
\sphinxshadowsep=\dimen151
\sphinxshadowsize=\dimen152
\sphinxshadowrule=\dimen153
\spx@notice@border=\dimen154

(sphinxoptionshyperref.sty
File: sphinxoptionshyperref.sty 2021/01/27 hyperref
) (sphinxoptionsgeometry.sty
File: sphinxoptionsgeometry.sty 2021/01/27 geometry
)
(C:\Users\FIZA KHAN\AppData\Local\Programs\MiKTeX\tex/latex/base\textcomp.sty
Package: textcomp 2020/02/02 v2.0n Standard LaTeX package
)
(D:\miktex-2.3\tex/latex/float\float.sty
Package: float 2001/11/08 v1.3d Float enhancements (AL)
\c@float@type=\count276
\float@exts=\toks24
\float@box=\box52
\@float@everytoks=\toks25
\@floatcapt=\box53
)
(D:\miktex-2.3\tex/latex/wrapfig\wrapfig.sty
\wrapoverhang=\dimen155
\WF@size=\dimen156
\c@WF@wrappedlines=\count277
\WF@box=\box54
\WF@everypar=\toks26
Package: wrapfig 2003/01/31  v 3.6
)
(D:\miktex-2.3\tex/latex/capt-of\capt-of.sty
Package: capt-of 2009/12/29 v0.2 standard captions outside of floats
)
(C:\Users\FIZA KHAN\AppData\Local\Programs\MiKTeX\tex/latex/tools\multicol.sty
Package: multicol 2021/10/28 v1.9b multicolumn formatting (FMi)
\c@tracingmulticols=\count278
\mult@box=\box55
\multicol@leftmargin=\dimen157
\c@unbalance=\count279
\c@collectmore=\count280
\doublecol@number=\count281
\multicoltolerance=\count282
\multicolpretolerance=\count283
\full@width=\dimen158
\page@free=\dimen159
\premulticols=\dimen160
\postmulticols=\dimen161
\multicolsep=\skip59
\multicolbaselineskip=\skip60
\partial@page=\box56
\last@line=\box57
\maxbalancingoverflow=\dimen162
\mult@rightbox=\box58
\mult@grightbox=\box59
\mult@firstbox=\box60
\mult@gfirstbox=\box61
\@tempa=\box62
\@tempa=\box63
\@tempa=\box64
\@tempa=\box65
\@tempa=\box66
\@tempa=\box67
\@tempa=\box68
\@tempa=\box69
\@tempa=\box70
\@tempa=\box71
\@tempa=\box72
\@tempa=\box73
\@tempa=\box74
\@tempa=\box75
\@tempa=\box76
\@tempa=\box77
\@tempa=\box78
\@tempa=\box79
\@tempa=\box80
\@tempa=\box81
\@tempa=\box82
\@tempa=\box83
\@tempa=\box84
\@tempa=\box85
\@tempa=\box86
\@tempa=\box87
\@tempa=\box88
\@tempa=\box89
\@tempa=\box90
\@tempa=\box91
\@tempa=\box92
\@tempa=\box93
\@tempa=\box94
\@tempa=\box95
\@tempa=\box96
\@tempa=\box97
\c@minrows=\count284
\c@columnbadness=\count285
\c@finalcolumnbadness=\count286
\last@try=\dimen163
\multicolovershoot=\dimen164
\multicolundershoot=\dimen165
\mult@nat@firstbox=\box98
\colbreak@box=\box99
\mc@col@check@num=\count287
)
(C:\Users\FIZA KHAN\AppData\Local\Programs\MiKTeX\tex/latex/graphics\graphicx.s
ty
Package: graphicx 2021/09/16 v1.2d Enhanced LaTeX Graphics (DPC,SPQR)

(C:\Users\FIZA KHAN\AppData\Local\Programs\MiKTeX\tex/latex/graphics\graphics.s
ty
Package: graphics 2021/03/04 v1.4d Standard LaTeX Graphics (DPC,SPQR)

(C:\Users\FIZA KHAN\AppData\Local\Programs\MiKTeX\tex/latex/graphics\trig.sty
Package: trig 2021/08/11 v1.11 sin cos tan (DPC)
)
(C:\Users\FIZA KHAN\AppData\Local\Programs\MiKTeX\tex/latex/graphics-cfg\graphi
cs.cfg
File: graphics.cfg 2016/06/04 v1.11 sample graphics configuration
)
Package graphics Info: Driver file: pdftex.def on input line 107.
)
\Gin@req@height=\dimen166
\Gin@req@width=\dimen167
) (sphinxlatexgraphics.sty
File: sphinxlatexgraphics.sty 2021/01/27 graphics
\spx@image@maxheight=\dimen168
\spx@image@box=\box100
) (sphinxlatexadmonitions.sty
File: sphinxlatexadmonitions.sty 2021/01/27 admonitions

(D:\miktex-2.3\tex/latex/framed\framed.sty
Package: framed 2011/10/22 v 0.96: framed or shaded text with page breaks
\OuterFrameSep=\skip61
\fb@frw=\dimen169
\fb@frh=\dimen170
\FrameRule=\dimen171
\FrameSep=\dimen172
)) (sphinxlatexliterals.sty
File: sphinxlatexliterals.sty 2021/12/06 code-blocks and parsed literals

(D:\miktex-2.3\tex/latex/fancyvrb\fancyvrb.sty
Package: fancyvrb 2022/06/06 4.5 verbatim text (tvz,hv)
\FV@CodeLineNo=\count288
\FV@InFile=\read3
\FV@TabBox=\box101
\c@FancyVerbLine=\count289
\FV@StepNumber=\count290
\FV@OutFile=\write3
)
(C:\Users\FIZA KHAN\AppData\Local\Programs\MiKTeX\tex/latex/base\alltt.sty
Package: alltt 2021/01/29 v2.0g defines alltt environment
)
(D:\miktex-2.3\tex/latex/upquote\upquote.sty
Package: upquote 2012/04/19 v1.3 upright-quote and grave-accent glyphs in verba
tim
)
(D:\miktex-2.3\tex/latex/needspace\needspace.sty
Package: needspace 2010/09/12 v1.3d reserve vertical space
)
\sphinxcontinuationbox=\box102
\sphinxvisiblespacebox=\box103
\sphinxVerbatim@TitleBox=\box104
\sphinxVerbatim@ContentsBox=\box105
\spx@scratchbox=\box106
) (sphinxlatexshadowbox.sty
File: sphinxlatexshadowbox.sty 2021/01/27 sphinxShadowBox
)
(sphinxlatexcontainers.sty
File: sphinxlatexcontainers.sty 2021/05/03 containers
) (sphinxhighlight.sty
Package: sphinxhighlight 2016/05/29 stylesheet for highlighting with pygments
) (sphinxlatextables.sty
File: sphinxlatextables.sty 2021/01/27 tables

(D:\miktex-2.3\tex/latex/tabulary\tabulary.sty
Package: tabulary 2014/06/11 v0.10 tabulary package (DPC)

(C:\Users\FIZA KHAN\AppData\Local\Programs\MiKTeX\tex/latex/tools\array.sty
Package: array 2021/10/04 v2.5f Tabular extension package (FMi)
\col@sep=\dimen173
\ar@mcellbox=\box107
\extrarowheight=\dimen174
\NC@list=\toks27
\extratabsurround=\skip62
\backup@length=\skip63
\ar@cellbox=\box108
)
\TY@count=\count291
\TY@linewidth=\dimen175
\tymin=\dimen176
\tymax=\dimen177
\TY@tablewidth=\dimen178
)
(C:\Users\FIZA KHAN\AppData\Local\Programs\MiKTeX\tex/latex/tools\longtable.sty
Package: longtable 2021-09-01 v4.17 Multi-page Table package (DPC)
\LTleft=\skip64
\LTright=\skip65
\LTpre=\skip66
\LTpost=\skip67
\LTchunksize=\count292
\LTcapwidth=\dimen179
\LT@head=\box109
\LT@firsthead=\box110
\LT@foot=\box111
\LT@lastfoot=\box112
\LT@gbox=\box113
\LT@cols=\count293
\LT@rows=\count294
\c@LT@tables=\count295
\c@LT@chunks=\count296
\LT@p@ftn=\toks28
) (D:\miktex-2.3\tex/latex/varwidth\varwidth.sty
Package: varwidth 2009/03/30 ver 0.92;  Variable-width minipages
\@vwid@box=\box114
\sift@deathcycles=\count297
\@vwid@loff=\dimen180
\@vwid@roff=\dimen181
)
\sphinx@TY@tablewidth=\dimen182
) (sphinxlatexnumfig.sty
File: sphinxlatexnumfig.sty 2021/01/27 numbering
)
(sphinxlatexlists.sty
File: sphinxlatexlists.sty 2021/12/20 lists
\spx@lineitemlabel=\toks29
)
\c@sphinxscope=\count298
 (sphinxpackagefootnote.sty
Package: sphinxpackagefootnote 2022/02/12 v4.5.0 Sphinx custom footnotehyper pa
ckage (Sphinx team)
\FNH@notes=\box115
\FNH@toks=\toks30
\FNH@width=\dimen183
\c@sphinxfootnotemark=\count299
) (sphinxlatexindbibtoc.sty
File: sphinxlatexindbibtoc.sty 2021/01/27 index, bib., toc

(C:\Users\FIZA KHAN\AppData\Local\Programs\MiKTeX\tex/latex/base\makeidx.sty
Package: makeidx 2021/10/04 v1.0m Standard LaTeX package
))
(sphinxlatexstylepage.sty
File: sphinxlatexstylepage.sty 2021/01/27 page styling
 (D:\miktex-2.3\tex/latex/parskip\parskip.sty
Rollback for package 'parskip' requested -> version 'v1'.
         This corresponds to the release introduced on 2001-04-09.

(D:\miktex-2.3\tex/latex/parskip\parskip-2001-04-09.sty
Package: parskip 2001/04/09 non-zero parskip adjustments
))
(D:\miktex-2.3\tex/latex/fancyhdr\fancyhdr.sty
Package: fancyhdr 2022/05/18 v4.0.3 Extensive control of page headers and foote
rs
\f@nch@headwidth=\skip68
\f@nch@O@elh=\skip69
\f@nch@O@erh=\skip70
\f@nch@O@olh=\skip71
\f@nch@O@orh=\skip72
\f@nch@O@elf=\skip73
\f@nch@O@erf=\skip74
\f@nch@O@olf=\skip75
\f@nch@O@orf=\skip76
)) (sphinxlatexstyleheadings.sty
File: sphinxlatexstyleheadings.sty 2021/01/27 headings

(D:\miktex-2.3\tex/latex/titlesec\titlesec.sty
Package: titlesec 2021/07/05 v2.14 Sectioning titles
\ttl@box=\box116
\beforetitleunit=\skip77
\aftertitleunit=\skip78
\ttl@plus=\dimen184
\ttl@minus=\dimen185
\ttl@toksa=\toks31
\titlewidth=\dimen186
\titlewidthlast=\dimen187
\titlewidthfirst=\dimen188
)) (sphinxlatexstyletext.sty
File: sphinxlatexstyletext.sty 2021/12/06 text styling
)
(sphinxlatexobjects.sty
File: sphinxlatexobjects.sty 2022/01/13 documentation environments
\sphinxsignaturesep=\skip79
\py@argswidth=\skip80
\lineblockindentation=\skip81
\DUlineblockindent=\skip82
)) (D:\miktex-2.3\tex/latex/geometry\geometry.sty
Package: geometry 2020/01/02 v5.9 Page Geometry

(C:\Users\FIZA KHAN\AppData\Local\Programs\MiKTeX\tex/generic/iftex\ifvtex.sty
Package: ifvtex 2019/10/25 v1.7 ifvtex legacy package. Use iftex instead.

(C:\Users\FIZA KHAN\AppData\Local\Programs\MiKTeX\tex/generic/iftex\iftex.sty
Package: iftex 2022/02/03 v1.0f TeX engine tests
))
\Gm@cnth=\count300
\Gm@cntv=\count301
\c@Gm@tempcnt=\count302
\Gm@bindingoffset=\dimen189
\Gm@wd@mp=\dimen190
\Gm@odd@mp=\dimen191
\Gm@even@mp=\dimen192
\Gm@layoutwidth=\dimen193
\Gm@layoutheight=\dimen194
\Gm@layouthoffset=\dimen195
\Gm@layoutvoffset=\dimen196
\Gm@dimlist=\toks32
(D:\miktex-2.3\tex/latex/geometry\geometry.cfg))
(C:\Users\FIZA KHAN\AppData\Local\Programs\MiKTeX\tex/latex/hyperref\hyperref.s
ty
Package: hyperref 2022-02-21 v7.00n Hypertext links for LaTeX

(C:\Users\FIZA KHAN\AppData\Local\Programs\MiKTeX\tex/generic/pdftexcmds\pdftex
cmds.sty
Package: pdftexcmds 2020-06-27 v0.33 Utility functions of pdfTeX for LuaTeX (HO
)
 (D:\miktex-2.3\tex/generic/infwarerr\infwarerr.sty
Package: infwarerr 2019/12/03 v1.5 Providing info/warning/error messages (HO)
)
Package pdftexcmds Info: \pdf@primitive is available.
Package pdftexcmds Info: \pdf@ifprimitive is available.
Package pdftexcmds Info: \pdfdraftmode found.
)
(D:\miktex-2.3\tex/generic/kvdefinekeys\kvdefinekeys.sty
Package: kvdefinekeys 2019-12-19 v1.6 Define keys (HO)
)
(D:\miktex-2.3\tex/generic/pdfescape\pdfescape.sty
Package: pdfescape 2019/12/09 v1.15 Implements pdfTeX's escape features (HO)
)
(D:\miktex-2.3\tex/latex/hycolor\hycolor.sty
Package: hycolor 2020-01-27 v1.10 Color options for hyperref/bookmark (HO)
)
(D:\miktex-2.3\tex/latex/letltxmacro\letltxmacro.sty
Package: letltxmacro 2019/12/03 v1.6 Let assignment for LaTeX macros (HO)
)
(D:\miktex-2.3\tex/latex/auxhook\auxhook.sty
Package: auxhook 2019-12-17 v1.6 Hooks for auxiliary files (HO)
)
\@linkdim=\dimen197
\Hy@linkcounter=\count303
\Hy@pagecounter=\count304

(C:\Users\FIZA KHAN\AppData\Local\Programs\MiKTeX\tex/latex/hyperref\pd1enc.def
File: pd1enc.def 2022-02-21 v7.00n Hyperref: PDFDocEncoding definition (HO)
Now handling font encoding PD1 ...
... no UTF-8 mapping file for font encoding PD1
) (D:\miktex-2.3\tex/generic/intcalc\intcalc.sty
Package: intcalc 2019/12/15 v1.3 Expandable calculations with integers (HO)
)
(D:\miktex-2.3\tex/generic/etexcmds\etexcmds.sty
Package: etexcmds 2019/12/15 v1.7 Avoid name clashes with e-TeX commands (HO)
)
\Hy@SavedSpaceFactor=\count305

(C:\Users\FIZA KHAN\AppData\Local\Programs\MiKTeX\tex/latex/hyperref\puenc.def
File: puenc.def 2022-02-21 v7.00n Hyperref: PDF Unicode definition (HO)
Now handling font encoding PU ...
... no UTF-8 mapping file for font encoding PU
)
Package hyperref Info: Option `unicode' set `true' on input line 4018.
Package hyperref Info: Option `colorlinks' set `true' on input line 4018.
Package hyperref Info: Option `breaklinks' set `true' on input line 4018.
Package hyperref Info: Hyper figures OFF on input line 4137.
Package hyperref Info: Link nesting OFF on input line 4142.
Package hyperref Info: Hyper index ON on input line 4145.
Package hyperref Info: Plain pages OFF on input line 4152.
Package hyperref Info: Backreferencing OFF on input line 4157.
Package hyperref Info: Implicit mode ON; LaTeX internals redefined.
Package hyperref Info: Bookmarks ON on input line 4390.
\c@Hy@tempcnt=\count306
(C:\Users\FIZA KHAN\AppData\Local\Programs\MiKTeX\tex/latex/url\url.sty
\Urlmuskip=\muskip17
Package: url 2013/09/16  ver 3.4  Verb mode for urls, etc.
)
LaTeX Info: Redefining \url on input line 4749.
\XeTeXLinkMargin=\dimen198

(D:\miktex-2.3\tex/generic/bitset\bitset.sty
Package: bitset 2019/12/09 v1.3 Handle bit-vector datatype (HO)

(D:\miktex-2.3\tex/generic/bigintcalc\bigintcalc.sty
Package: bigintcalc 2019/12/15 v1.5 Expandable calculations on big integers (HO
)
))
\Fld@menulength=\count307
\Field@Width=\dimen199
\Fld@charsize=\dimen256
Package hyperref Info: Hyper figures OFF on input line 6027.
Package hyperref Info: Link nesting OFF on input line 6032.
Package hyperref Info: Hyper index ON on input line 6035.
Package hyperref Info: backreferencing OFF on input line 6042.
Package hyperref Info: Link coloring ON on input line 6045.
Package hyperref Info: Link coloring with OCG OFF on input line 6052.
Package hyperref Info: PDF/A mode OFF on input line 6057.
LaTeX Info: Redefining \ref on input line 6097.
LaTeX Info: Redefining \pageref on input line 6101.

(C:\Users\FIZA KHAN\AppData\Local\Programs\MiKTeX\tex/latex/base\atbegshi-ltx.s
ty
Package: atbegshi-ltx 2021/01/10 v1.0c Emulation of the original atbegshi
package with kernel methods
)
\Hy@abspage=\count308
\c@Item=\count309
\c@Hfootnote=\count310
)
Package hyperref Info: Driver (autodetected): hpdftex.

(C:\Users\FIZA KHAN\AppData\Local\Programs\MiKTeX\tex/latex/hyperref\hpdftex.de
f
File: hpdftex.def 2022-02-21 v7.00n Hyperref driver for pdfTeX

(C:\Users\FIZA KHAN\AppData\Local\Programs\MiKTeX\tex/latex/base\atveryend-ltx.
sty
Package: atveryend-ltx 2020/08/19 v1.0a Emulation of the original atveryend pac
kage
with kernel methods
)
\Fld@listcount=\count311
\c@bookmark@seq@number=\count312
 (D:\miktex-2.3\tex/latex/rerunfilecheck\rerunfilecheck.sty
Package: rerunfilecheck 2019/12/05 v1.9 Rerun checks for auxiliary files (HO)

(D:\miktex-2.3\tex/generic/uniquecounter\uniquecounter.sty
Package: uniquecounter 2019/12/15 v1.4 Provide unlimited unique counter (HO)
)
Package uniquecounter Info: New unique counter `rerunfilecheck' on input line 2
86.
)
\Hy@SectionHShift=\skip83
)
(C:\Users\FIZA KHAN\AppData\Local\Programs\MiKTeX\tex/latex/oberdiek\hypcap.sty
Package: hypcap 2016/05/16 v1.12 Adjusting the anchors of captions (HO)
) (sphinxmessages.sty
Package: sphinxmessages 2019/01/04 v2.0 Localized LaTeX macros (Sphinx team)
) (D:\miktex-2.3\tex/latex/background\background.sty
Package: background 2014/03/04 v2.1 background material

(C:\Users\FIZA KHAN\AppData\Local\Programs\MiKTeX\tex/latex/xkeyval\xkeyval.sty
Package: xkeyval 2020/11/20 v2.8 package option processing (HA)

(C:\Users\FIZA KHAN\AppData\Local\Programs\MiKTeX\tex/generic/xkeyval\xkeyval.t
ex
(C:\Users\FIZA KHAN\AppData\Local\Programs\MiKTeX\tex/generic/xkeyval\xkvutils.
tex
\XKV@toks=\toks33
\XKV@tempa@toks=\toks34
)
\XKV@depth=\count313
File: xkeyval.tex 2014/12/03 v2.7a key=value parser (HA)
))
(C:\Users\FIZA KHAN\AppData\Local\Programs\MiKTeX\tex/latex/pgf/frontendlayer\t
ikz.sty
(C:\Users\FIZA KHAN\AppData\Local\Programs\MiKTeX\tex/latex/pgf/basiclayer\pgf.
sty
(C:\Users\FIZA KHAN\AppData\Local\Programs\MiKTeX\tex/latex/pgf/utilities\pgfrc
s.sty
(C:\Users\FIZA KHAN\AppData\Local\Programs\MiKTeX\tex/generic/pgf/utilities\pgf
util-common.tex
\pgfutil@everybye=\toks35
\pgfutil@tempdima=\dimen257
\pgfutil@tempdimb=\dimen258

(C:\Users\FIZA KHAN\AppData\Local\Programs\MiKTeX\tex/generic/pgf/utilities\pgf
util-common-lists.tex))
(C:\Users\FIZA KHAN\AppData\Local\Programs\MiKTeX\tex/generic/pgf/utilities\pgf
util-latex.def
\pgfutil@abb=\box117
)
(C:\Users\FIZA KHAN\AppData\Local\Programs\MiKTeX\tex/generic/pgf/utilities\pgf
rcs.code.tex
(C:\Users\FIZA KHAN\AppData\Local\Programs\MiKTeX\tex/generic/pgf\pgf.revision.
tex)
Package: pgfrcs 2021/05/15 v3.1.9a (3.1.9a)
))
Package: pgf 2021/05/15 v3.1.9a (3.1.9a)

(C:\Users\FIZA KHAN\AppData\Local\Programs\MiKTeX\tex/latex/pgf/basiclayer\pgfc
ore.sty
(C:\Users\FIZA KHAN\AppData\Local\Programs\MiKTeX\tex/latex/pgf/systemlayer\pgf
sys.sty
(C:\Users\FIZA KHAN\AppData\Local\Programs\MiKTeX\tex/generic/pgf/systemlayer\p
gfsys.code.tex
Package: pgfsys 2021/05/15 v3.1.9a (3.1.9a)

(C:\Users\FIZA KHAN\AppData\Local\Programs\MiKTeX\tex/generic/pgf/utilities\pgf
keys.code.tex
\pgfkeys@pathtoks=\toks36
\pgfkeys@temptoks=\toks37

(C:\Users\FIZA KHAN\AppData\Local\Programs\MiKTeX\tex/generic/pgf/utilities\pgf
keysfiltered.code.tex
\pgfkeys@tmptoks=\toks38
))
\pgf@x=\dimen259
\pgf@y=\dimen260
\pgf@xa=\dimen261
\pgf@ya=\dimen262
\pgf@xb=\dimen263
\pgf@yb=\dimen264
\pgf@xc=\dimen265
\pgf@yc=\dimen266
\pgf@xd=\dimen267
\pgf@yd=\dimen268
\w@pgf@writea=\write4
\r@pgf@reada=\read4
\c@pgf@counta=\count314
\c@pgf@countb=\count315
\c@pgf@countc=\count316
\c@pgf@countd=\count317
\t@pgf@toka=\toks39
\t@pgf@tokb=\toks40
\t@pgf@tokc=\toks41
\pgf@sys@id@count=\count318

(C:\Users\FIZA KHAN\AppData\Local\Programs\MiKTeX\tex/generic/pgf/systemlayer\p
gf.cfg
File: pgf.cfg 2021/05/15 v3.1.9a (3.1.9a)
)
Driver file for pgf: pgfsys-pdftex.def

(C:\Users\FIZA KHAN\AppData\Local\Programs\MiKTeX\tex/generic/pgf/systemlayer\p
gfsys-pdftex.def
File: pgfsys-pdftex.def 2021/05/15 v3.1.9a (3.1.9a)

(C:\Users\FIZA KHAN\AppData\Local\Programs\MiKTeX\tex/generic/pgf/systemlayer\p
gfsys-common-pdf.def
File: pgfsys-common-pdf.def 2021/05/15 v3.1.9a (3.1.9a)
)))
(C:\Users\FIZA KHAN\AppData\Local\Programs\MiKTeX\tex/generic/pgf/systemlayer\p
gfsyssoftpath.code.tex
File: pgfsyssoftpath.code.tex 2021/05/15 v3.1.9a (3.1.9a)
\pgfsyssoftpath@smallbuffer@items=\count319
\pgfsyssoftpath@bigbuffer@items=\count320
)
(C:\Users\FIZA KHAN\AppData\Local\Programs\MiKTeX\tex/generic/pgf/systemlayer\p
gfsysprotocol.code.tex
File: pgfsysprotocol.code.tex 2021/05/15 v3.1.9a (3.1.9a)
))
(C:\Users\FIZA KHAN\AppData\Local\Programs\MiKTeX\tex/generic/pgf/basiclayer\pg
fcore.code.tex
Package: pgfcore 2021/05/15 v3.1.9a (3.1.9a)

(C:\Users\FIZA KHAN\AppData\Local\Programs\MiKTeX\tex/generic/pgf/math\pgfmath.
code.tex
(C:\Users\FIZA KHAN\AppData\Local\Programs\MiKTeX\tex/generic/pgf/math\pgfmathc
alc.code.tex
(C:\Users\FIZA KHAN\AppData\Local\Programs\MiKTeX\tex/generic/pgf/math\pgfmathu
til.code.tex)
(C:\Users\FIZA KHAN\AppData\Local\Programs\MiKTeX\tex/generic/pgf/math\pgfmathp
arser.code.tex
\pgfmath@dimen=\dimen269
\pgfmath@count=\count321
\pgfmath@box=\box118
\pgfmath@toks=\toks42
\pgfmath@stack@operand=\toks43
\pgfmath@stack@operation=\toks44
)
(C:\Users\FIZA KHAN\AppData\Local\Programs\MiKTeX\tex/generic/pgf/math\pgfmathf
unctions.code.tex
(C:\Users\FIZA KHAN\AppData\Local\Programs\MiKTeX\tex/generic/pgf/math\pgfmathf
unctions.basic.code.tex)
(C:\Users\FIZA KHAN\AppData\Local\Programs\MiKTeX\tex/generic/pgf/math\pgfmathf
unctions.trigonometric.code.tex)
(C:\Users\FIZA KHAN\AppData\Local\Programs\MiKTeX\tex/generic/pgf/math\pgfmathf
unctions.random.code.tex)
(C:\Users\FIZA KHAN\AppData\Local\Programs\MiKTeX\tex/generic/pgf/math\pgfmathf
unctions.comparison.code.tex)
(C:\Users\FIZA KHAN\AppData\Local\Programs\MiKTeX\tex/generic/pgf/math\pgfmathf
unctions.base.code.tex)
(C:\Users\FIZA KHAN\AppData\Local\Programs\MiKTeX\tex/generic/pgf/math\pgfmathf
unctions.round.code.tex)
(C:\Users\FIZA KHAN\AppData\Local\Programs\MiKTeX\tex/generic/pgf/math\pgfmathf
unctions.misc.code.tex)
(C:\Users\FIZA KHAN\AppData\Local\Programs\MiKTeX\tex/generic/pgf/math\pgfmathf
unctions.integerarithmetics.code.tex)))
(C:\Users\FIZA KHAN\AppData\Local\Programs\MiKTeX\tex/generic/pgf/math\pgfmathf
loat.code.tex
\c@pgfmathroundto@lastzeros=\count322
))
(C:\Users\FIZA KHAN\AppData\Local\Programs\MiKTeX\tex/generic/pgf/math\pgfint.c
ode.tex)
(C:\Users\FIZA KHAN\AppData\Local\Programs\MiKTeX\tex/generic/pgf/basiclayer\pg
fcorepoints.code.tex
File: pgfcorepoints.code.tex 2021/05/15 v3.1.9a (3.1.9a)
\pgf@picminx=\dimen270
\pgf@picmaxx=\dimen271
\pgf@picminy=\dimen272
\pgf@picmaxy=\dimen273
\pgf@pathminx=\dimen274
\pgf@pathmaxx=\dimen275
\pgf@pathminy=\dimen276
\pgf@pathmaxy=\dimen277
\pgf@xx=\dimen278
\pgf@xy=\dimen279
\pgf@yx=\dimen280
\pgf@yy=\dimen281
\pgf@zx=\dimen282
\pgf@zy=\dimen283
)
(C:\Users\FIZA KHAN\AppData\Local\Programs\MiKTeX\tex/generic/pgf/basiclayer\pg
fcorepathconstruct.code.tex
File: pgfcorepathconstruct.code.tex 2021/05/15 v3.1.9a (3.1.9a)
\pgf@path@lastx=\dimen284
\pgf@path@lasty=\dimen285
)
(C:\Users\FIZA KHAN\AppData\Local\Programs\MiKTeX\tex/generic/pgf/basiclayer\pg
fcorepathusage.code.tex
File: pgfcorepathusage.code.tex 2021/05/15 v3.1.9a (3.1.9a)
\pgf@shorten@end@additional=\dimen286
\pgf@shorten@start@additional=\dimen287
)
(C:\Users\FIZA KHAN\AppData\Local\Programs\MiKTeX\tex/generic/pgf/basiclayer\pg
fcorescopes.code.tex
File: pgfcorescopes.code.tex 2021/05/15 v3.1.9a (3.1.9a)
\pgfpic=\box119
\pgf@hbox=\box120
\pgf@layerbox@main=\box121
\pgf@picture@serial@count=\count323
)
(C:\Users\FIZA KHAN\AppData\Local\Programs\MiKTeX\tex/generic/pgf/basiclayer\pg
fcoregraphicstate.code.tex
File: pgfcoregraphicstate.code.tex 2021/05/15 v3.1.9a (3.1.9a)
\pgflinewidth=\dimen288
)
(C:\Users\FIZA KHAN\AppData\Local\Programs\MiKTeX\tex/generic/pgf/basiclayer\pg
fcoretransformations.code.tex
File: pgfcoretransformations.code.tex 2021/05/15 v3.1.9a (3.1.9a)
\pgf@pt@x=\dimen289
\pgf@pt@y=\dimen290
\pgf@pt@temp=\dimen291
)
(C:\Users\FIZA KHAN\AppData\Local\Programs\MiKTeX\tex/generic/pgf/basiclayer\pg
fcorequick.code.tex
File: pgfcorequick.code.tex 2021/05/15 v3.1.9a (3.1.9a)
)
(C:\Users\FIZA KHAN\AppData\Local\Programs\MiKTeX\tex/generic/pgf/basiclayer\pg
fcoreobjects.code.tex
File: pgfcoreobjects.code.tex 2021/05/15 v3.1.9a (3.1.9a)
)
(C:\Users\FIZA KHAN\AppData\Local\Programs\MiKTeX\tex/generic/pgf/basiclayer\pg
fcorepathprocessing.code.tex
File: pgfcorepathprocessing.code.tex 2021/05/15 v3.1.9a (3.1.9a)
)
(C:\Users\FIZA KHAN\AppData\Local\Programs\MiKTeX\tex/generic/pgf/basiclayer\pg
fcorearrows.code.tex
File: pgfcorearrows.code.tex 2021/05/15 v3.1.9a (3.1.9a)
\pgfarrowsep=\dimen292
)
(C:\Users\FIZA KHAN\AppData\Local\Programs\MiKTeX\tex/generic/pgf/basiclayer\pg
fcoreshade.code.tex
File: pgfcoreshade.code.tex 2021/05/15 v3.1.9a (3.1.9a)
\pgf@max=\dimen293
\pgf@sys@shading@range@num=\count324
\pgf@shadingcount=\count325
)
(C:\Users\FIZA KHAN\AppData\Local\Programs\MiKTeX\tex/generic/pgf/basiclayer\pg
fcoreimage.code.tex
File: pgfcoreimage.code.tex 2021/05/15 v3.1.9a (3.1.9a)

(C:\Users\FIZA KHAN\AppData\Local\Programs\MiKTeX\tex/generic/pgf/basiclayer\pg
fcoreexternal.code.tex
File: pgfcoreexternal.code.tex 2021/05/15 v3.1.9a (3.1.9a)
\pgfexternal@startupbox=\box122
))
(C:\Users\FIZA KHAN\AppData\Local\Programs\MiKTeX\tex/generic/pgf/basiclayer\pg
fcorelayers.code.tex
File: pgfcorelayers.code.tex 2021/05/15 v3.1.9a (3.1.9a)
)
(C:\Users\FIZA KHAN\AppData\Local\Programs\MiKTeX\tex/generic/pgf/basiclayer\pg
fcoretransparency.code.tex
File: pgfcoretransparency.code.tex 2021/05/15 v3.1.9a (3.1.9a)
)
(C:\Users\FIZA KHAN\AppData\Local\Programs\MiKTeX\tex/generic/pgf/basiclayer\pg
fcorepatterns.code.tex
File: pgfcorepatterns.code.tex 2021/05/15 v3.1.9a (3.1.9a)
)
(C:\Users\FIZA KHAN\AppData\Local\Programs\MiKTeX\tex/generic/pgf/basiclayer\pg
fcorerdf.code.tex
File: pgfcorerdf.code.tex 2021/05/15 v3.1.9a (3.1.9a)
)))
(C:\Users\FIZA KHAN\AppData\Local\Programs\MiKTeX\tex/generic/pgf/modules\pgfmo
duleshapes.code.tex
File: pgfmoduleshapes.code.tex 2021/05/15 v3.1.9a (3.1.9a)
\pgfnodeparttextbox=\box123
)
(C:\Users\FIZA KHAN\AppData\Local\Programs\MiKTeX\tex/generic/pgf/modules\pgfmo
duleplot.code.tex
File: pgfmoduleplot.code.tex 2021/05/15 v3.1.9a (3.1.9a)
)
(C:\Users\FIZA KHAN\AppData\Local\Programs\MiKTeX\tex/latex/pgf/compatibility\p
gfcomp-version-0-65.sty
Package: pgfcomp-version-0-65 2021/05/15 v3.1.9a (3.1.9a)
\pgf@nodesepstart=\dimen294
\pgf@nodesepend=\dimen295
)
(C:\Users\FIZA KHAN\AppData\Local\Programs\MiKTeX\tex/latex/pgf/compatibility\p
gfcomp-version-1-18.sty
Package: pgfcomp-version-1-18 2021/05/15 v3.1.9a (3.1.9a)
))
(C:\Users\FIZA KHAN\AppData\Local\Programs\MiKTeX\tex/latex/pgf/utilities\pgffo
r.sty
(C:\Users\FIZA KHAN\AppData\Local\Programs\MiKTeX\tex/latex/pgf/utilities\pgfke
ys.sty
(C:\Users\FIZA KHAN\AppData\Local\Programs\MiKTeX\tex/generic/pgf/utilities\pgf
keys.code.tex))
(C:\Users\FIZA KHAN\AppData\Local\Programs\MiKTeX\tex/latex/pgf/math\pgfmath.st
y
(C:\Users\FIZA KHAN\AppData\Local\Programs\MiKTeX\tex/generic/pgf/math\pgfmath.
code.tex))
(C:\Users\FIZA KHAN\AppData\Local\Programs\MiKTeX\tex/generic/pgf/utilities\pgf
for.code.tex
Package: pgffor 2021/05/15 v3.1.9a (3.1.9a)

(C:\Users\FIZA KHAN\AppData\Local\Programs\MiKTeX\tex/generic/pgf/math\pgfmath.
code.tex)
\pgffor@iter=\dimen296
\pgffor@skip=\dimen297
\pgffor@stack=\toks45
\pgffor@toks=\toks46
))
(C:\Users\FIZA KHAN\AppData\Local\Programs\MiKTeX\tex/generic/pgf/frontendlayer
/tikz\tikz.code.tex
Package: tikz 2021/05/15 v3.1.9a (3.1.9a)

(C:\Users\FIZA KHAN\AppData\Local\Programs\MiKTeX\tex/generic/pgf/libraries\pgf
libraryplothandlers.code.tex
File: pgflibraryplothandlers.code.tex 2021/05/15 v3.1.9a (3.1.9a)
\pgf@plot@mark@count=\count326
\pgfplotmarksize=\dimen298
)
\tikz@lastx=\dimen299
\tikz@lasty=\dimen300
\tikz@lastxsaved=\dimen301
\tikz@lastysaved=\dimen302
\tikz@lastmovetox=\dimen303
\tikz@lastmovetoy=\dimen304
\tikzleveldistance=\dimen305
\tikzsiblingdistance=\dimen306
\tikz@figbox=\box124
\tikz@figbox@bg=\box125
\tikz@tempbox=\box126
\tikz@tempbox@bg=\box127
\tikztreelevel=\count327
\tikznumberofchildren=\count328
\tikznumberofcurrentchild=\count329
\tikz@fig@count=\count330

(C:\Users\FIZA KHAN\AppData\Local\Programs\MiKTeX\tex/generic/pgf/modules\pgfmo
dulematrix.code.tex
File: pgfmodulematrix.code.tex 2021/05/15 v3.1.9a (3.1.9a)
\pgfmatrixcurrentrow=\count331
\pgfmatrixcurrentcolumn=\count332
\pgf@matrix@numberofcolumns=\count333
)
\tikz@expandcount=\count334

(C:\Users\FIZA KHAN\AppData\Local\Programs\MiKTeX\tex/generic/pgf/frontendlayer
/tikz/libraries\tikzlibrarytopaths.code.tex
File: tikzlibrarytopaths.code.tex 2021/05/15 v3.1.9a (3.1.9a)
)))
(D:\miktex-2.3\tex/latex/everypage\everypage.sty
Package: everypage 2020/10/17 R2.0b Hooks to run on every page


Package everypage Warning: Functionality similar to this package has recently
(everypage)                been implemented in LaTeX. This package is now in
(everypage)                legacy status.
(everypage)                Please, don't use it in new documents and packages.


Package everypage Warning: You appear to be running a version of LaTeX
(everypage)                providing the new functionality.
(everypage)                Doing the best to deliver the original `everypage`
(everypage)                interface on top of it. Strict equivalence is
(everypage)                not possible, breakage may occur.
(everypage)                If truly needed, Use `everypage-1x` to force the
(everypage)                loading of an older code base.

)
(C:\Users\FIZA KHAN\AppData\Local\Programs\MiKTeX\tex/latex/tools\afterpage.sty
Package: afterpage 2014/10/28 v1.08 After-Page Package (DPC)
\AP@output=\toks47
\AP@partial=\box128
\AP@footins=\box129
)) (D:\miktex-2.3\tex/latex/sectsty\sectsty.sty
Package: sectsty 2002/02/25 v2.0.2 Commands to change all sectional heading sty
les


LaTeX Warning: Command \underbar  has changed.
               Check if current package is valid.


LaTeX Warning: Command \underline  has changed.
               Check if current package is valid.

)
\@indexfile=\write5
\openout5 = `bioamp-exg-pilldocs.idx'.


Writing index file bioamp-exg-pilldocs.idx
LaTeX Font Info:    Trying to load font information for T1+bch on input line 80
.
(D:\miktex-2.3\tex/latex/psnfss\t1bch.fd
File: t1bch.fd 2004/10/18 font definitions for T1/bch.
)
(C:\Users\FIZA KHAN\AppData\Local\Programs\MiKTeX\tex/latex/l3backend\l3backend
-pdftex.def
File: l3backend-pdftex.def 2022-02-07 L3 backend support: PDF output (pdfTeX)
\l__color_backend_stack_int=\count335
\l__pdf_internal_box=\box130
) (bioamp-exg-pilldocs.aux)
\openout1 = `bioamp-exg-pilldocs.aux'.

LaTeX Font Info:    Checking defaults for OML/cmm/m/it on input line 80.
LaTeX Font Info:    ... okay on input line 80.
LaTeX Font Info:    Checking defaults for OMS/cmsy/m/n on input line 80.
LaTeX Font Info:    ... okay on input line 80.
LaTeX Font Info:    Checking defaults for OT1/cmr/m/n on input line 80.
LaTeX Font Info:    ... okay on input line 80.
LaTeX Font Info:    Checking defaults for T1/cmr/m/n on input line 80.
LaTeX Font Info:    ... okay on input line 80.
LaTeX Font Info:    Checking defaults for TS1/cmr/m/n on input line 80.
LaTeX Font Info:    ... okay on input line 80.
LaTeX Font Info:    Checking defaults for OMX/cmex/m/n on input line 80.
LaTeX Font Info:    ... okay on input line 80.
LaTeX Font Info:    Checking defaults for U/cmr/m/n on input line 80.
LaTeX Font Info:    ... okay on input line 80.
LaTeX Font Info:    Checking defaults for PD1/pdf/m/n on input line 80.
LaTeX Font Info:    ... okay on input line 80.
LaTeX Font Info:    Checking defaults for PU/pdf/m/n on input line 80.
LaTeX Font Info:    ... okay on input line 80.

(C:\Users\FIZA KHAN\AppData\Local\Programs\MiKTeX\tex/context/base/mkii\supp-pd
f.mkii
[Loading MPS to PDF converter (version 2006.09.02).]
\scratchcounter=\count336
\scratchdimen=\dimen307
\scratchbox=\box131
\nofMPsegments=\count337
\nofMParguments=\count338
\everyMPshowfont=\toks48
\MPscratchCnt=\count339
\MPscratchDim=\dimen308
\MPnumerator=\count340
\makeMPintoPDFobject=\count341
\everyMPtoPDFconversion=\toks49
)
(C:\Users\FIZA KHAN\AppData\Local\Programs\MiKTeX\tex/latex/epstopdf-pkg\epstop
df-base.sty
Package: epstopdf-base 2020-01-24 v2.11 Base part for package epstopdf
Package epstopdf-base Info: Redefining graphics rule for `.eps' on input line 4
85.

(C:\Users\FIZA KHAN\AppData\Local\Programs\MiKTeX\tex/latex/00miktex\epstopdf-s
ys.cfg
File: epstopdf-sys.cfg 2021/03/18 v2.0 Configuration of epstopdf for MiKTeX
))
\c@literalblock=\count342

*geometry* driver: auto-detecting
*geometry* detected driver: pdftex
*geometry* verbose mode - [ preamble ] result:
* driver: pdftex
* paper: a4paper
* layout: <same size as paper>
* layoutoffset:(h,v)=(0.0pt,0.0pt)
* modes: 
* h-part:(L,W,R)=(72.26999pt, 452.9679pt, 72.26999pt)
* v-part:(T,H,B)=(72.26999pt, 700.50687pt, 72.26999pt)
* \paperwidth=597.50787pt
* \paperheight=845.04684pt
* \textwidth=452.9679pt
* \textheight=700.50687pt
* \oddsidemargin=0.0pt
* \evensidemargin=0.0pt
* \topmargin=-37.0pt
* \headheight=12.0pt
* \headsep=25.0pt
* \topskip=10.0pt
* \footskip=30.0pt
* \marginparwidth=36.135pt
* \marginparsep=11.0pt
* \columnsep=10.0pt
* \skip\footins=9.0pt plus 4.0pt minus 2.0pt
* \hoffset=0.0pt
* \voffset=0.0pt
* \mag=1000
* \@twocolumnfalse
* \@twosidefalse
* \@mparswitchfalse
* \@reversemarginfalse
* (1in=72.27pt=25.4mm, 1cm=28.453pt)

Package hyperref Info: Link coloring ON on input line 80.

(C:\Users\FIZA KHAN\AppData\Local\Programs\MiKTeX\tex/latex/hyperref\nameref.st
y
Package: nameref 2021-04-02 v2.47 Cross-referencing by name of section
 (D:\miktex-2.3\tex/latex/refcount\refcount.sty
Package: refcount 2019/12/15 v3.6 Data extraction from label references (HO)
)
(D:\miktex-2.3\tex/generic/gettitlestring\gettitlestring.sty
Package: gettitlestring 2019/12/15 v1.6 Cleanup title references (HO)
)
\c@section@level=\count343
)
LaTeX Info: Redefining \ref on input line 80.
LaTeX Info: Redefining \pageref on input line 80.
LaTeX Info: Redefining \nameref on input line 80.

(bioamp-exg-pilldocs.out) (bioamp-exg-pilldocs.out)
\@outlinefile=\write6
\openout6 = `bioamp-exg-pilldocs.out'.

*geometry* verbose mode - [ newgeometry ] result:
* driver: pdftex
* paper: a4paper
* layout: <same size as paper>
* layoutoffset:(h,v)=(0.0pt,0.0pt)
* modes: 
* h-part:(L,W,R)=(0.0pt, 597.50787pt, 0.0pt)
* v-part:(T,H,B)=(85.35826pt, 688.5567pt, 71.13188pt)
* \paperwidth=597.50787pt
* \paperheight=845.04684pt
* \textwidth=597.50787pt
* \textheight=688.5567pt
* \oddsidemargin=-72.26999pt
* \evensidemargin=-72.26999pt
* \topmargin=-23.91173pt
* \headheight=12.0pt
* \headsep=25.0pt
* \topskip=10.0pt
* \footskip=30.0pt
* \marginparwidth=36.135pt
* \marginparsep=11.0pt
* \columnsep=10.0pt
* \skip\footins=9.0pt plus 4.0pt minus 2.0pt
* \hoffset=0.0pt
* \voffset=0.0pt
* \mag=1000
* \@twocolumnfalse
* \@twosidefalse
* \@mparswitchfalse
* \@reversemarginfalse
* (1in=72.27pt=25.4mm, 1cm=28.453pt)

<<ot1.cmap>><<oml.cmap>><<oms.cmap>><<omx.cmap>>
LaTeX Font Info:    Trying to load font information for U+msa on input line 108
.

(C:\Users\FIZA KHAN\AppData\Local\Programs\MiKTeX\tex/latex/amsfonts\umsa.fd
File: umsa.fd 2013/01/14 v3.01 AMS symbols A
)
LaTeX Font Info:    Trying to load font information for U+msb on input line 108
.

(C:\Users\FIZA KHAN\AppData\Local\Programs\MiKTeX\tex/latex/amsfonts\umsb.fd
File: umsb.fd 2013/01/14 v3.01 AMS symbols B
)
[1


{C:/Users/FIZA KHAN/AppData/Local/MiKTeX/fonts/map/pdftex/pdftex.map}]
(bioamp-exg-pilldocs.toc)
\tf@toc=\write7
\openout7 = `bioamp-exg-pilldocs.toc'.

 [1


]

! LaTeX Error: Unknown graphics extension: .gif.

See the LaTeX manual or LaTeX Companion for explanation.
Type  H <return>  for immediate help.
 ...                                              
                                                  
l.136 ...ncludegraphics{{EXG-Pill-GIF-banner}.gif}
                                                  
? 

! LaTeX Error: Unknown graphics extension: .gif.

See the LaTeX manual or LaTeX Companion for explanation.
Type  H <return>  for immediate help.
 ...                                              
                                                  
l.136 ...ncludegraphics{{EXG-Pill-GIF-banner}.gif}
                                                  
? 

pdfTeX warning (ext4): destination with the same identifier (name{page.1}) has 
been already used, duplicate ignored
<to be read again> 
                   \relax 
l.155 \chapter
              {Introduction} [1

]
Chapter 1.
<BioAmp-EXG-Pill-Assembled.jpg, id=203, 1927.2pt x 1084.05pt>
LaTeX Font Info:    Trying to load font information for T1+cmtt on input line 1
64.
(C:\Users\FIZA KHAN\AppData\Local\Programs\MiKTeX\tex/latex/base\t1cmtt.fd
File: t1cmtt.fd 2019/12/16 v2.5j Standard LaTeX font definitions
)
File: BioAmp-EXG-Pill-Assembled.jpg Graphic file (type jpg)
<use BioAmp-EXG-Pill-Assembled.jpg>
Package pdftex.def Info: BioAmp-EXG-Pill-Assembled.jpg  used on input line 164.

(pdftex.def)             Requested size: 452.95088pt x 254.78487pt.
<bioamp-exg-pill-board-connection.jpg, id=204, 1445.4pt x 813.0375pt>
File: bioamp-exg-pill-board-connection.jpg Graphic file (type jpg)
<use bioamp-exg-pill-board-connection.jpg>
Package pdftex.def Info: bioamp-exg-pill-board-connection.jpg  used on input li
ne 175.
(pdftex.def)             Requested size: 414.04419pt x 232.89665pt.
<bioamp-exg-pill-board-configuration.jpg, id=205, 1445.4pt x 813.0375pt>
File: bioamp-exg-pill-board-configuration.jpg Graphic file (type jpg)
<use bioamp-exg-pill-board-configuration.jpg>
Package pdftex.def Info: bioamp-exg-pill-board-configuration.jpg  used on input
 line 182.
(pdftex.def)             Requested size: 414.04419pt x 232.89665pt.
<Basic-Circuit.jpg, id=206, 1445.4pt x 813.0375pt>
File: Basic-Circuit.jpg Graphic file (type jpg)
<use Basic-Circuit.jpg>
Package pdftex.def Info: Basic-Circuit.jpg  used on input line 193.
(pdftex.def)             Requested size: 451.68457pt x 254.0736pt.
<bioamp-exg-pill-electromyograph.jpg, id=207, 1445.4pt x 813.0375pt>
File: bioamp-exg-pill-electromyograph.jpg Graphic file (type jpg)
<use bioamp-exg-pill-electromyograph.jpg>
Package pdftex.def Info: bioamp-exg-pill-electromyograph.jpg  used on input lin
e 200.
(pdftex.def)             Requested size: 451.68457pt x 254.0736pt.
<bioamp-exg-pill-electrooculography-horizontal1.jpg, id=208, 1445.4pt x 813.037
5pt>
File: bioamp-exg-pill-electrooculography-horizontal1.jpg Graphic file (type jpg
)
<use bioamp-exg-pill-electrooculography-horizontal1.jpg>
Package pdftex.def Info: bioamp-exg-pill-electrooculography-horizontal1.jpg  us
ed on input line 207.
(pdftex.def)             Requested size: 451.68457pt x 254.0736pt.
<bioamp-exg-pill-electrooculography-vertical1.jpg, id=209, 1445.4pt x 813.0375p
t>
File: bioamp-exg-pill-electrooculography-vertical1.jpg Graphic file (type jpg)
<use bioamp-exg-pill-electrooculography-vertical1.jpg>
Package pdftex.def Info: bioamp-exg-pill-electrooculography-vertical1.jpg  used
 on input line 214.
(pdftex.def)             Requested size: 451.68457pt x 254.0736pt.
<bioamp-exg-pill-electrocardiography-Lead11.jpg, id=210, 1445.4pt x 813.0375pt>

File: bioamp-exg-pill-electrocardiography-Lead11.jpg Graphic file (type jpg)
<use bioamp-exg-pill-electrocardiography-Lead11.jpg>
Package pdftex.def Info: bioamp-exg-pill-electrocardiography-Lead11.jpg  used o
n input line 221.
(pdftex.def)             Requested size: 451.68457pt x 254.0736pt.
<bioamp-exg-pill-electroencephalography1.jpg, id=211, 1445.4pt x 813.0375pt>
File: bioamp-exg-pill-electroencephalography1.jpg Graphic file (type jpg)
<use bioamp-exg-pill-electroencephalography1.jpg>
Package pdftex.def Info: bioamp-exg-pill-electroencephalography1.jpg  used on i
nput line 228.
(pdftex.def)             Requested size: 451.68457pt x 254.0736pt.

[2

 <./BioAmp-EXG-Pill-Assembled.jpg>] [3 <./bioamp-exg-pill-board-connection.jpg>
 <./bioamp-exg-pill-board-configuration.jpg>] [4 <./Basic-Circuit.jpg> <./bioam
p-exg-pill-electromyograph.jpg>] [5 <./bioamp-exg-pill-electrooculography-horiz
ontal1.jpg> <./bioamp-exg-pill-electrooculography-vertical1.jpg>] [6 <./bioamp-
exg-pill-electrocardiography-Lead11.jpg> <./bioamp-exg-pill-electroencephalogra
phy1.jpg>]
LaTeX Font Info:    Trying to load font information for T1+cmss on input line 2
40.

(C:\Users\FIZA KHAN\AppData\Local\Programs\MiKTeX\tex/latex/base\t1cmss.fd
File: t1cmss.fd 2019/12/16 v2.5j Standard LaTeX font definitions
)
Overfull \hbox (0.7377pt too wide) in paragraph at lines 240--243
[]|\T1/cmss/m/n/10 SNO.| 
 []


Overfull \hbox (0.7377pt too wide) in paragraph at lines 256--259
[]|\T1/cmss/m/n/10 SNO.| 
 []


Overfull \hbox (2.96552pt too wide) in paragraph at lines 277--277
[]
 []


Overfull \hbox (2.96552pt too wide) in paragraph at lines 277--277

 []


LaTeX Warning: Hyper reference `introduction/index:' on page 7 undefined on inp
ut line 280.


Overfull \hbox (2.96552pt too wide) in paragraph at lines 289--289
[]
 []


Overfull \hbox (2.96552pt too wide) in paragraph at lines 289--289

 []


LaTeX Warning: Hyper reference `introduction/index:' on page 7 undefined on inp
ut line 292.


Overfull \hbox (2.96552pt too wide) in paragraph at lines 301--301
[]
 []


Overfull \hbox (2.96552pt too wide) in paragraph at lines 301--301

 []


LaTeX Warning: Hyper reference `introduction/index:' on page 7 undefined on inp
ut line 304.


Overfull \hbox (2.96552pt too wide) in paragraph at lines 313--313
[]
 []


Overfull \hbox (2.96552pt too wide) in paragraph at lines 313--313

 []


LaTeX Warning: Hyper reference `introduction/index:' on page 7 undefined on inp
ut line 316.


Overfull \hbox (2.96552pt too wide) in paragraph at lines 325--325
[]
 []


Overfull \hbox (2.96552pt too wide) in paragraph at lines 325--325

 []


LaTeX Warning: Hyper reference `introduction/index:' on page 7 undefined on inp
ut line 328.


Overfull \hbox (2.96552pt too wide) in paragraph at lines 337--337
[]
 []


Overfull \hbox (2.96552pt too wide) in paragraph at lines 337--337

 []


LaTeX Warning: Hyper reference `introduction/index:' on page 7 undefined on inp
ut line 340.


Overfull \hbox (2.96552pt too wide) in paragraph at lines 349--349
[]
 []


Overfull \hbox (2.96552pt too wide) in paragraph at lines 349--349

 []


LaTeX Warning: Hyper reference `introduction/index:' on page 7 undefined on inp
ut line 352.


Overfull \hbox (2.96552pt too wide) in paragraph at lines 361--361
[]
 []


Overfull \hbox (2.96552pt too wide) in paragraph at lines 361--361

 []


LaTeX Warning: Hyper reference `introduction/index:' on page 7 undefined on inp
ut line 364.


Overfull \hbox (2.96552pt too wide) in paragraph at lines 373--373
[]
 []


Overfull \hbox (2.96552pt too wide) in paragraph at lines 373--373

 []


LaTeX Warning: Hyper reference `introduction/index:' on page 7 undefined on inp
ut line 376.


Overfull \hbox (2.96552pt too wide) in paragraph at lines 385--385
[]
 []


Overfull \hbox (2.96552pt too wide) in paragraph at lines 385--385

 []


LaTeX Warning: Hyper reference `introduction/index:' on page 7 undefined on inp
ut line 388.


Overfull \hbox (2.96552pt too wide) in paragraph at lines 397--397
[]
 []


Overfull \hbox (2.96552pt too wide) in paragraph at lines 397--397

 []


LaTeX Warning: Hyper reference `introduction/index:' on page 7 undefined on inp
ut line 400.


Overfull \hbox (2.96552pt too wide) in paragraph at lines 409--409
[]
 []


Overfull \hbox (2.96552pt too wide) in paragraph at lines 409--409

 []


LaTeX Warning: Hyper reference `introduction/index:' on page 7 undefined on inp
ut line 412.


Overfull \hbox (2.96552pt too wide) in paragraph at lines 421--421
[]
 []


Overfull \hbox (2.96552pt too wide) in paragraph at lines 421--421

 []


LaTeX Warning: Hyper reference `introduction/index:' on page 7 undefined on inp
ut line 424.

[7]
Overfull \hbox (2.96552pt too wide) in paragraph at lines 475--475
[]
 []


Overfull \hbox (2.96552pt too wide) in paragraph at lines 475--475

 []


Overfull \hbox (2.96552pt too wide) in paragraph at lines 487--487
[]
 []


Overfull \hbox (2.96552pt too wide) in paragraph at lines 487--487

 []


LaTeX Warning: Hyper reference `introduction/index:' on page 8 undefined on inp
ut line 502.


LaTeX Warning: Hyper reference `introduction/index:' on page 8 undefined on inp
ut line 502.

<BioAmp-EXG-Pill-v1.0b-front-black.png, id=261, 72.27pt x 28.45631pt>
File: BioAmp-EXG-Pill-v1.0b-front-black.png Graphic file (type png)
<use BioAmp-EXG-Pill-v1.0b-front-black.png>
Package pdftex.def Info: BioAmp-EXG-Pill-v1.0b-front-black.png  used on input l
ine 512.
(pdftex.def)             Requested size: 414.04419pt x 163.07452pt.
<BioAmp-EXG-Pill-v1.0b-back-black.png, id=263, 72.27pt x 28.45631pt>
File: BioAmp-EXG-Pill-v1.0b-back-black.png Graphic file (type png)
<use BioAmp-EXG-Pill-v1.0b-back-black.png>
Package pdftex.def Info: BioAmp-EXG-Pill-v1.0b-back-black.png  used on input li
ne 519.
(pdftex.def)             Requested size: 414.04419pt x 163.07452pt.
<BioAmp-EXG-Pill-v1-beta-black-render.png, id=264, 72.27pt x 28.45631pt>
File: BioAmp-EXG-Pill-v1-beta-black-render.png Graphic file (type png)
<use BioAmp-EXG-Pill-v1-beta-black-render.png>
Package pdftex.def Info: BioAmp-EXG-Pill-v1-beta-black-render.png  used on inpu
t line 526.
(pdftex.def)             Requested size: 414.04419pt x 163.07452pt.
<BioAmp-EXG-Pill-v1.0b-dimensions.png, id=265, 318.43968pt x 668.4975pt>
File: BioAmp-EXG-Pill-v1.0b-dimensions.png Graphic file (type png)
<use BioAmp-EXG-Pill-v1.0b-dimensions.png>
Package pdftex.def Info: BioAmp-EXG-Pill-v1.0b-dimensions.png  used on input li
ne 549.
(pdftex.def)             Requested size: 112.92114pt x 237.04796pt.
<BioAmp-EXG-Pill-v1.0b-schematic.png, id=266, 2346.7675pt x 1659.19875pt>
File: BioAmp-EXG-Pill-v1.0b-schematic.png Graphic file (type png)
<use BioAmp-EXG-Pill-v1.0b-schematic.png>
Package pdftex.def Info: BioAmp-EXG-Pill-v1.0b-schematic.png  used on input lin
e 549.
(pdftex.def)             Requested size: 338.76343pt x 239.50168pt.
File: BioAmp-EXG-Pill-v1.0b-dimensions.png Graphic file (type png)
<use BioAmp-EXG-Pill-v1.0b-dimensions.png>
Package pdftex.def Info: BioAmp-EXG-Pill-v1.0b-dimensions.png  used on input li
ne 549.
(pdftex.def)             Requested size: 112.92114pt x 237.04796pt.
File: BioAmp-EXG-Pill-v1.0b-schematic.png Graphic file (type png)
<use BioAmp-EXG-Pill-v1.0b-schematic.png>
Package pdftex.def Info: BioAmp-EXG-Pill-v1.0b-schematic.png  used on input lin
e 549.
(pdftex.def)             Requested size: 213.77818pt x 151.14429pt.
[8 <./BioAmp-EXG-Pill-v1.0b-front-black.png>] [9 <./BioAmp-EXG-Pill-v1.0b-back-
black.png> <./BioAmp-EXG-Pill-v1-beta-black-render.png>] [10 <./BioAmp-EXG-Pill
-v1.0b-dimensions.png (PNG copy)> <./BioAmp-EXG-Pill-v1.0b-schematic.png>]
Chapter 2.
<bioamp-exg-pill-electrocardiography-wave.jpg, id=298, 1028.34187pt x 459.96844
pt>
File: bioamp-exg-pill-electrocardiography-wave.jpg Graphic file (type jpg)
<use bioamp-exg-pill-electrocardiography-wave.jpg>
Package pdftex.def Info: bioamp-exg-pill-electrocardiography-wave.jpg  used on 
input line 590.
(pdftex.def)             Requested size: 451.68457pt x 202.03581pt.
[11

 <./bioamp-exg-pill-electrocardiography-wave.jpg>]
<bioamp-exg-pill-electrocardiography-Lead1.jpg, id=312, 1445.4pt x 813.0375pt>
File: bioamp-exg-pill-electrocardiography-Lead1.jpg Graphic file (type jpg)
<use bioamp-exg-pill-electrocardiography-Lead1.jpg>
Package pdftex.def Info: bioamp-exg-pill-electrocardiography-Lead1.jpg  used on
 input line 634.
(pdftex.def)             Requested size: 451.68457pt x 254.0736pt.
 [12 <./bioamp-exg-pill-electrocardiography-Lead1.jpg>]
<bioamp-exg-pill-electrocardiography-hand.jpg, id=323, 1445.4pt x 813.0375pt>
File: bioamp-exg-pill-electrocardiography-hand.jpg Graphic file (type jpg)
<use bioamp-exg-pill-electrocardiography-hand.jpg>
Package pdftex.def Info: bioamp-exg-pill-electrocardiography-hand.jpg  used on 
input line 671.
(pdftex.def)             Requested size: 451.68457pt x 254.0736pt.
 [13 <./bioamp-exg-pill-electrocardiography-hand.jpg>]
<bioamp-exg-pill-electroencephalography-wave.jpg, id=338, 1927.2pt x 1084.05pt>

File: bioamp-exg-pill-electroencephalography-wave.jpg Graphic file (type jpg)
<use bioamp-exg-pill-electroencephalography-wave.jpg>
Package pdftex.def Info: bioamp-exg-pill-electroencephalography-wave.jpg  used 
on input line 708.
(pdftex.def)             Requested size: 451.68457pt x 254.0736pt.
<bioamp-exg-pill-electroencephalography.jpg, id=339, 1445.4pt x 813.0375pt>
File: bioamp-exg-pill-electroencephalography.jpg Graphic file (type jpg)
<use bioamp-exg-pill-electroencephalography.jpg>
Package pdftex.def Info: bioamp-exg-pill-electroencephalography.jpg  used on in
put line 727.
(pdftex.def)             Requested size: 451.68457pt x 254.0736pt.
<bioamp-exg-pill-eegfilter.jpg, id=342, 803.0pt x 602.25pt>
File: bioamp-exg-pill-eegfilter.jpg Graphic file (type jpg)
<use bioamp-exg-pill-eegfilter.jpg>
Package pdftex.def Info: bioamp-exg-pill-eegfilter.jpg  used on input line 743.

(pdftex.def)             Requested size: 451.68457pt x 338.77397pt.
 [14 <./bioamp-exg-pill-electroencephalography-wave.jpg>] [15 <./bioamp-exg-pil
l-electroencephalography.jpg> <./bioamp-exg-pill-eegfilter.jpg>]
<bioamp-exg-pill-emg-wave.jpg, id=361, 1371.1225pt x 623.32875pt>
File: bioamp-exg-pill-emg-wave.jpg Graphic file (type jpg)
<use bioamp-exg-pill-emg-wave.jpg>
Package pdftex.def Info: bioamp-exg-pill-emg-wave.jpg  used on input line 795.
(pdftex.def)             Requested size: 451.68457pt x 205.33769pt.
 [16 <./bioamp-exg-pill-emg-wave.jpg>]
<bioamp-exg-pill-Electromyograph.jpg, id=371, 1445.4pt x 813.0375pt>
File: bioamp-exg-pill-Electromyograph.jpg Graphic file (type jpg)
<use bioamp-exg-pill-Electromyograph.jpg>
Package pdftex.def Info: bioamp-exg-pill-Electromyograph.jpg  used on input lin
e 814.
(pdftex.def)             Requested size: 451.68457pt x 254.0736pt.
<bioamp-exg-pill-emgfilter.jpg, id=374, 803.0pt x 602.25pt>
File: bioamp-exg-pill-emgfilter.jpg Graphic file (type jpg)
<use bioamp-exg-pill-emgfilter.jpg>
Package pdftex.def Info: bioamp-exg-pill-emgfilter.jpg  used on input line 830.

(pdftex.def)             Requested size: 451.68457pt x 338.77397pt.
 [17 <./bioamp-exg-pill-Electromyograph.jpg>]
[18 <./bioamp-exg-pill-emgfilter.jpg>]
<bioamp-exg-pill-emgenvelope.jpg, id=389, 1371.1225pt x 605.26125pt>
File: bioamp-exg-pill-emgenvelope.jpg Graphic file (type jpg)
<use bioamp-exg-pill-emgenvelope.jpg>
Package pdftex.def Info: bioamp-exg-pill-emgenvelope.jpg  used on input line 85
2.
(pdftex.def)             Requested size: 451.68457pt x 199.38586pt.
LaTeX Font Info:    Trying to load font information for TS1+bch on input line 8
60.

(D:\miktex-2.3\tex/latex/psnfss\ts1bch.fd
File: ts1bch.fd 2004/10/18 font definitions for TS1/bch.
)
<bioamp-exg-pill-eog-demo.jpg, id=397, 1927.2pt x 635.37375pt>
File: bioamp-exg-pill-eog-demo.jpg Graphic file (type jpg)
<use bioamp-exg-pill-eog-demo.jpg>
Package pdftex.def Info: bioamp-exg-pill-eog-demo.jpg  used on input line 914.
(pdftex.def)             Requested size: 451.68457pt x 148.91534pt.
 [19 <./bioamp-exg-pill-emgenvelope.jpg>]
<bioamp-exg-pill-eog-electrode-placement.jpg, id=408, 1445.4pt x 813.0375pt>
File: bioamp-exg-pill-eog-electrode-placement.jpg Graphic file (type jpg)
<use bioamp-exg-pill-eog-electrode-placement.jpg>
Package pdftex.def Info: bioamp-exg-pill-eog-electrode-placement.jpg  used on i
nput line 938.
(pdftex.def)             Requested size: 451.68457pt x 254.0736pt.
<bioamp-exg-pill-eogfilter.jpg, id=411, 803.0pt x 602.25pt>
File: bioamp-exg-pill-eogfilter.jpg Graphic file (type jpg)
<use bioamp-exg-pill-eogfilter.jpg>
Package pdftex.def Info: bioamp-exg-pill-eogfilter.jpg  used on input line 952.

(pdftex.def)             Requested size: 451.68457pt x 338.77397pt.
 [20 <./bioamp-exg-pill-eog-demo.jpg>] [21 <./bioamp-exg-pill-eog-electrode-pla
cement.jpg> <./bioamp-exg-pill-eogfilter.jpg>]
<bioamp-exg-pill-electrooculography-horizontal.jpg, id=425, 1445.4pt x 813.0375
pt>
File: bioamp-exg-pill-electrooculography-horizontal.jpg Graphic file (type jpg)

<use bioamp-exg-pill-electrooculography-horizontal.jpg>
Package pdftex.def Info: bioamp-exg-pill-electrooculography-horizontal.jpg  use
d on input line 994.
(pdftex.def)             Requested size: 451.68457pt x 254.0736pt.
<bioamp-exg-pill-electrooculography-vertical.jpg, id=427, 1445.4pt x 813.0375pt
>
File: bioamp-exg-pill-electrooculography-vertical.jpg Graphic file (type jpg)
<use bioamp-exg-pill-electrooculography-vertical.jpg>
Package pdftex.def Info: bioamp-exg-pill-electrooculography-vertical.jpg  used 
on input line 1023.
(pdftex.def)             Requested size: 451.68457pt x 254.0736pt.
 [22 <./bioamp-exg-pill-electrooculography-horizontal.jpg>] [23 <./bioamp-exg-p
ill-electrooculography-vertical.jpg>]
Chapter 3.
[24

] [25]
Chapter 4.
[26

] (bioamp-exg-pilldocs.ind) [27] (bioamp-exg-pilldocs.aux)

LaTeX Warning: There were undefined references.

Package rerunfilecheck Info: File `bioamp-exg-pilldocs.out' has not changed.
(rerunfilecheck)             Checksum: AE1CF067CCF295AA8AED545BCE08228E;5725.
 ) 
Here is how much of TeX's memory you used:
 25398 strings out of 478582
 478836 string characters out of 2842421
 756974 words of memory out of 3000000
 42808 multiletter control sequences out of 15000+600000
 505215 words of font info for 61 fonts, out of 8000000 for 9000
 1142 hyphenation exceptions out of 8191
 99i,15n,94p,946b,667s stack positions out of 10000i,1000n,20000p,200000b,80000s
{C:/Users/FIZA KHAN/AppData/Local/Programs/MiKTeX/fonts/enc/dvips/base/8r.enc
} <C:\Users\FIZA KHAN\AppData\Local\MiKTeX\fonts/pk/ljfour/jknappen/ec/dpi600\e
css1000.pk><D:/miktex-2.3/fonts/type1/bitstrea/charter/bchb8a.pfb><D:/miktex-2.
3/fonts/type1/bitstrea/charter/bchr8a.pfb><D:/miktex-2.3/fonts/type1/bitstrea/c
harter/bchri8a.pfb>
Output written on bioamp-exg-pilldocs.pdf (29 pages, 5220569 bytes).
PDF statistics:
 565 PDF objects out of 1000 (max. 8388607)
 149 named destinations out of 1000 (max. 500000)
 458 words of extra memory for PDF output out of 10000 (max. 10000000)

